<?xml version="1.0" encoding="UTF-8"?>
<!-- Generated by org.testng.reporters.JUnitXMLReporter -->
<testsuite hostname="SRIMAMID-IN" failures="0" tests="3" name="Default test" time="39.045" errors="0" timestamp="24 Jun 2020 19:29:59 GMT">
  <testcase classname="com.irt.qa.testcases.ApplicationListPageTest" name="validateApplicationListPageTitle" time="0.033"/>
  <testcase classname="com.irt.qa.testcases.ApplicationListPageTest" name="loginTest" time="1.146"/>
  <testcase classname="com.irt.qa.testcases.ApplicationListPageTest" name="loginTest" time="0.903"/>
</testsuite>
