<?xml version="1.0" encoding="UTF-8"?>
<testng-results total="3" passed="3" failed="0" skipped="0">
  <reporter-output>
  </reporter-output>
  <suite started-at="2020-06-25T00:59:20Z" name="Default suite" finished-at="2020-06-25T00:59:59Z" duration-ms="39045">
    <groups>
    </groups>
    <test started-at="2020-06-25T00:59:20Z" name="Default test" finished-at="2020-06-25T00:59:59Z" duration-ms="39045">
      <class name="com.irt.qa.testcases.ApplicationListPageTest">
        <test-method is-config="true" signature="setUp()[pri:0, instance:com.irt.qa.testcases.ApplicationListPageTest@77e9807f]" started-at="2020-06-25T00:59:20Z" name="setUp" finished-at="2020-06-25T00:59:30Z" duration-ms="10253" status="PASS">
        </test-method>
        <test-method signature="validateApplicationListPageTitle()[pri:1, instance:com.irt.qa.testcases.ApplicationListPageTest@77e9807f]" started-at="2020-06-25T00:59:30Z" name="validateApplicationListPageTitle" finished-at="2020-06-25T00:59:30Z" duration-ms="33" status="PASS">
        </test-method>
        <test-method is-config="true" signature="tearDown()[pri:0, instance:com.irt.qa.testcases.ApplicationListPageTest@77e9807f]" started-at="2020-06-25T00:59:30Z" name="tearDown" finished-at="2020-06-25T00:59:32Z" duration-ms="2021" status="PASS">
        </test-method>
        <test-method is-config="true" signature="setUp()[pri:0, instance:com.irt.qa.testcases.ApplicationListPageTest@77e9807f]" started-at="2020-06-25T00:59:33Z" name="setUp" finished-at="2020-06-25T00:59:44Z" duration-ms="10822" status="PASS">
        </test-method>
        <test-method signature="loginTest(java.lang.String)[pri:2, instance:com.irt.qa.testcases.ApplicationListPageTest@77e9807f]" started-at="2020-06-25T00:59:44Z" name="loginTest" finished-at="2020-06-25T00:59:45Z" duration-ms="1146" status="PASS">
          <params>
            <param index="0">
              <value>
                <![CDATA[Alliance]]>
              </value>
            </param>
          </params>
        </test-method>
        <test-method is-config="true" signature="tearDown()[pri:0, instance:com.irt.qa.testcases.ApplicationListPageTest@77e9807f]" started-at="2020-06-25T00:59:45Z" name="tearDown" finished-at="2020-06-25T00:59:47Z" duration-ms="2174" status="PASS">
        </test-method>
        <test-method is-config="true" signature="setUp()[pri:0, instance:com.irt.qa.testcases.ApplicationListPageTest@77e9807f]" started-at="2020-06-25T00:59:47Z" name="setUp" finished-at="2020-06-25T00:59:56Z" duration-ms="8869" status="PASS">
        </test-method>
        <test-method signature="loginTest(java.lang.String)[pri:2, instance:com.irt.qa.testcases.ApplicationListPageTest@77e9807f]" started-at="2020-06-25T00:59:56Z" name="loginTest" finished-at="2020-06-25T00:59:57Z" duration-ms="903" status="PASS">
          <params>
            <param index="0">
              <value>
                <![CDATA[Merck]]>
              </value>
            </param>
          </params>
        </test-method>
        <test-method is-config="true" signature="tearDown()[pri:0, instance:com.irt.qa.testcases.ApplicationListPageTest@77e9807f]" started-at="2020-06-25T00:59:57Z" name="tearDown" finished-at="2020-06-25T00:59:59Z" duration-ms="2197" status="PASS">
        </test-method>
      </class>
    </test>
  </suite>
</testng-results>
